0 info it worked if it ends with ok
1 verbose cli [ 'C:\\Program Files\\nodejs\\node.exe',
1 verbose cli   'C:\\Program Files\\nodejs\\node_modules\\npm\\bin\\npm-cli.js',
1 verbose cli   'start' ]
2 info using npm@3.10.10
3 info using node@v6.10.0
4 verbose run-script [ 'prestart', 'start', 'poststart' ]
5 info lifecycle krv@0.1.0~prestart: krv@0.1.0
6 silly lifecycle krv@0.1.0~prestart: no script for prestart, continuing
7 info lifecycle krv@0.1.0~start: krv@0.1.0
8 verbose lifecycle krv@0.1.0~start: unsafe-perm in lifecycle true
9 verbose lifecycle krv@0.1.0~start: PATH: C:\Users\heyunfeng\AppData\Roaming\nvm\v6.10.0\node_modules\npm\bin\node-gyp-bin;D:\personal\project\krv\node_modules\.bin;C:\Python27\;C:\Python27\Scripts;C:\Ruby25-x64\bin;C:\windows\system32;C:\windows;C:\windows\System32\Wbem;C:\Program Files\Git\cmd;C:\Program Files\TortoiseSVN\bin;C:\windows\System32\WindowsPowerShell\v1.0\;C:\windows\System32\WindowsPowerShell\v1.0\;C:\Program Files (x86)\Tesseract-OCR;C:\Program Files (x86)\ClockworkMod\Universal Adb Driver;C:\Program Files (x86)\Yarn\bin\;D:\project\flutter\bin;C:\Users\heyunfeng\AppData\Roaming\nvm;C:\Program Files\nodejs;C:\Program Files\MongoDB\Server\3.6\bin;C:\Program Files\Java\jdk1.6.0_43\bin;C:\scala\bin;C:\scala\jre\bin;C:\bin;C:\scala\bin;C:\Users\heyunfeng\AppData\Local\Programs\Python\Python36\Scripts\;C:\Users\heyunfeng\AppData\Local\Programs\Python\Python36\;C:\Program Files\Microsoft VS Code\bin;C:\Users\heyunfeng\AppData\Roaming\npm;C:\Users\heyunfeng\AppData\Local\Programs\Fiddler;C:\Users\heyunfeng\AppData\Local\Yarn\bin;C:\Users\heyunfeng\AppData\Roaming\nvm;C:\Program Files\nodejs
10 verbose lifecycle krv@0.1.0~start: CWD: D:\personal\project\krv
11 silly lifecycle krv@0.1.0~start: Args: [ '/d /s /c', 'node bin/www' ]
12 silly lifecycle krv@0.1.0~start: Returned: code: 1  signal: null
13 info lifecycle krv@0.1.0~start: Failed to exec start script
14 verbose stack Error: krv@0.1.0 start: `node bin/www`
14 verbose stack Exit status 1
14 verbose stack     at EventEmitter.<anonymous> (C:\Users\heyunfeng\AppData\Roaming\nvm\v6.10.0\node_modules\npm\lib\utils\lifecycle.js:255:16)
14 verbose stack     at emitTwo (events.js:106:13)
14 verbose stack     at EventEmitter.emit (events.js:191:7)
14 verbose stack     at ChildProcess.<anonymous> (C:\Users\heyunfeng\AppData\Roaming\nvm\v6.10.0\node_modules\npm\lib\utils\spawn.js:40:14)
14 verbose stack     at emitTwo (events.js:106:13)
14 verbose stack     at ChildProcess.emit (events.js:191:7)
14 verbose stack     at maybeClose (internal/child_process.js:877:16)
14 verbose stack     at Process.ChildProcess._handle.onexit (internal/child_process.js:226:5)
15 verbose pkgid krv@0.1.0
16 verbose cwd D:\personal\project\krv
17 error Windows_NT 6.1.7601
18 error argv "C:\\Program Files\\nodejs\\node.exe" "C:\\Program Files\\nodejs\\node_modules\\npm\\bin\\npm-cli.js" "start"
19 error node v6.10.0
20 error npm  v3.10.10
21 error code ELIFECYCLE
22 error krv@0.1.0 start: `node bin/www`
22 error Exit status 1
23 error Failed at the krv@0.1.0 start script 'node bin/www'.
23 error Make sure you have the latest version of node.js and npm installed.
23 error If you do, this is most likely a problem with the krv package,
23 error not with npm itself.
23 error Tell the author that this fails on your system:
23 error     node bin/www
23 error You can get information on how to open an issue for this project with:
23 error     npm bugs krv
23 error Or if that isn't available, you can get their info via:
23 error     npm owner ls krv
23 error There is likely additional logging output above.
24 verbose exit [ 1, true ]
